# JRE version: Java(TM) SE Runtime Environment (22.0.2+9) (build 22.0.2+9-70)
# Java VM: Java HotSpot(TM) 64-Bit Server VM (22.0.2+9-70, mixed mode, sharing, tiered, compressed oops, compressed class ptrs, g1 gc, windows-amd64)
GC Precious Log:
 CardTable entry size: 512
 Card Set container configuration: InlinePtr #cards 5 size 8 Array Of Cards #cards 12 size 40 Howl #buckets 4 coarsen threshold 1843 Howl Bitmap #cards 512 size 80 coarsen threshold 460 Card regions per heap region 1 cards per card region 2048
 CPUs: 12 total, 12 available
 Memory: 6014M
 Large Page Support: Disabled
 NUMA Support: Disabled
 Compressed Oops: Enabled (32-bit)
 Heap Region Size: 1M
 Heap Min Capacity: 8M
 Heap Initial Capacity: 94M
 Heap Max Capacity: 1504M
 Pre-touch: Disabled
 Parallel Workers: 10
 Concurrent Workers: 3
 Concurrent Refinement Workers: 10
 Periodic GC: Disabled
Heap:
 garbage-first heap   total reserved 1540096K, committed 37888K, used 25653K [0x00000000a2000000, 0x0000000100000000)
  region size 1024K, 20 young (20480K), 4 survivors (4096K)
 Metaspace       used 23681K, committed 24000K, reserved 1114112K
  class space    used 2813K, committed 2944K, reserved 1048576K
GC Heap History (6 events):
Event: 52.689 GC heap before
{Heap before GC invocations=0 (full 0):
 garbage-first heap   total reserved 1540096K, committed 96256K, used 28672K [0x00000000a2000000, 0x0000000100000000)
  region size 1024K, 24 young (24576K), 0 survivors (0K)
 Metaspace       used 14268K, committed 14528K, reserved 1114112K
  class space    used 1640K, committed 1728K, reserved 1048576K
}
Event: 52.695 GC heap after
{Heap after GC invocations=1 (full 0):
 garbage-first heap   total reserved 1540096K, committed 96256K, used 6445K [0x00000000a2000000, 0x0000000100000000)
  region size 1024K, 3 young (3072K), 3 survivors (3072K)
 Metaspace       used 14268K, committed 14528K, reserved 1114112K
  class space    used 1640K, committed 1728K, reserved 1048576K
}
Event: 52.968 GC heap before
{Heap before GC invocations=1 (full 0):
 garbage-first heap   total reserved 1540096K, committed 96256K, used 39213K [0x00000000a2000000, 0x0000000100000000)
  region size 1024K, 35 young (35840K), 3 survivors (3072K)
 Metaspace       used 19621K, committed 19968K, reserved 1114112K
  class space    used 2272K, committed 2432K, reserved 1048576K
}
Event: 52.972 GC heap after
{Heap after GC invocations=2 (full 0):
 garbage-first heap   total reserved 1540096K, committed 96256K, used 9028K [0x00000000a2000000, 0x0000000100000000)
  region size 1024K, 3 young (3072K), 3 survivors (3072K)
 Metaspace       used 19621K, committed 19968K, reserved 1114112K
  class space    used 2272K, committed 2432K, reserved 1048576K
}
Event: 53.057 GC heap before
{Heap before GC invocations=2 (full 0):
 garbage-first heap   total reserved 1540096K, committed 96256K, used 40772K [0x00000000a2000000, 0x0000000100000000)
  region size 1024K, 35 young (35840K), 3 survivors (3072K)
 Metaspace       used 21222K, committed 21504K, reserved 1114112K
  class space    used 2536K, committed 2688K, reserved 1048576K
}
Event: 53.059 GC heap after
{Heap after GC invocations=3 (full 0):
 garbage-first heap   total reserved 1540096K, committed 96256K, used 10293K [0x00000000a2000000, 0x0000000100000000)
  region size 1024K, 4 young (4096K), 4 survivors (4096K)
 Metaspace       used 21222K, committed 21504K, reserved 1114112K
  class space    used 2536K, committed 2688K, reserved 1048576K
}

